<?xml version="1.0" encoding="UTF-8"?>
<!-- Generated by org.testng.reporters.JUnitXMLReporter -->
<testsuite ignored="1" hostname="DESKTOP-K1R65NB" failures="0" tests="3" name="Test" time="3.734" errors="0" timestamp="2022-08-18T21:56:15 IST">
  <testcase classname="com.testcases.TestCases" name="TC_01" time="0.587"/>
  <testcase classname="com.testcases.TestCases" name="TC_02" time="0.502"/>
  <testcase classname="com.testcases.TestCases" name="TC_03" time="0.525"/>
  <testcase classname="com.testcases.TestCases" name="TC_04" time="0.0">
    <ignored/>
  </testcase> <!-- TC_04 -->
</testsuite> <!-- Test -->
