<?xml version="1.0" encoding="UTF-8"?>
<!-- Generated by org.testng.reporters.JUnitXMLReporter -->
<testsuite ignored="0" hostname="DESKTOP-K1R65NB" failures="0" tests="4" name="Test" time="7.489" errors="0" timestamp="2022-08-18T21:53:29 IST">
  <testcase classname="com.testcases.TestCases" name="@AfterClass tearDrop" time="0.003">
    <failure type="java.lang.NullPointerException" message="Cannot invoke &amp;quot;org.openqa.selenium.WebDriver.close()&amp;quot; because &amp;quot;fiveException.utility.Browser_Factory.driver&amp;quot; is null">
      <![CDATA[java.lang.NullPointerException: Cannot invoke "org.openqa.selenium.WebDriver.close()" because "fiveException.utility.Browser_Factory.driver" is null
at fiveException.utility.Browser_Factory.closure(Browser_Factory.java:44)
at com.testcases.TestCases.tearDrop(TestCases.java:114)
at java.base/java.util.ArrayList.forEach(ArrayList.java:1511)
... Removed 25 stack frames]]>
    </failure>
  </testcase> <!-- @AfterClass tearDrop -->
  <testcase classname="com.testcases.TestCases" name="TC_01" time="0.539"/>
  <testcase classname="com.testcases.TestCases" name="TC_02" time="0.48"/>
  <testcase classname="com.testcases.TestCases" name="TC_03" time="0.667"/>
  <testcase classname="com.testcases.TestCases" name="TC_04" time="2.153"/>
</testsuite> <!-- Test -->
